app/build/intermediates/manifest_merge_blame_file/debug/manifest-merger-blame-debug-report.txt
1<?xml version="1.0" encoding="utf-8"?>
2<!--
3    ~ Copyright 2022 The TensorFlow Authors. All Rights Reserved.
4    ~
5    ~ Licensed under the Apache License, Version 2.0 (the "License");
6    ~ you may not use this file except in compliance with the License.
7    ~ You may obtain a copy of the License at
8    ~
9    ~       http://www.apache.org/licenses/LICENSE-2.0
10    ~
11    ~ Unless required by applicable law or agreed to in writing, software
12    ~ distributed under the License is distributed on an "AS IS" BASIS,
13    ~ WITHOUT WARRANTIES OR CONDITIONS OF ANY KIND, either express or implied.
14    ~ See the License for the specific language governing permissions and
15    ~ limitations under the License.
16-->
17<manifest xmlns:android="http://schemas.android.com/apk/res/android"
18    xmlns:dist="http://schemas.android.com/apk/distribution"
19    package="com.google.mediapipe.examples.gesturerecognizer"
20    android:versionCode="1"
21    android:versionName="1.0" >
22
23    <uses-sdk
24        android:minSdkVersion="24"
24-->src\main\AndroidManifest.xml
25        android:targetSdkVersion="32" />
25-->src\main\AndroidManifest.xml
26
27    <!-- Enable instant app support -->
28    <dist:module dist:instant="true" />
28-->src\main\AndroidManifest.xml:22:5-40
28-->src\main\AndroidManifest.xml:22:18-37
29
30    <!-- Declare features -->
31    <uses-feature android:name="android.hardware.camera" />
31-->src\main\AndroidManifest.xml:25:5-60
31-->src\main\AndroidManifest.xml:25:19-57
32
33    <!-- Declare permissions -->
34    <uses-permission android:name="android.permission.CAMERA" />
34-->src\main\AndroidManifest.xml:28:5-65
34-->src\main\AndroidManifest.xml:28:22-62
35
36    <!-- Although the *SdkVersion is captured in gradle build files, this is required for non gradle builds -->
37    <!-- <uses-sdk android:minSdkVersion="14"/> -->
38    <uses-permission android:name="android.permission.ACCESS_NETWORK_STATE" />
38-->[com.google.android.datatransport:transport-backend-cct:3.1.0] AndroidManifest.xml:25:5-79
38-->[com.google.android.datatransport:transport-backend-cct:3.1.0] AndroidManifest.xml:25:22-76
39    <uses-permission android:name="android.permission.INTERNET" />
39-->[com.google.android.datatransport:transport-backend-cct:3.1.0] AndroidManifest.xml:26:5-67
39-->[com.google.android.datatransport:transport-backend-cct:3.1.0] AndroidManifest.xml:26:22-64
40
41    <application
41-->src\main\AndroidManifest.xml:30:5-55:19
42        android:allowBackup="true"
42-->src\main\AndroidManifest.xml:31:9-35
43        android:appComponentFactory="androidx.core.app.CoreComponentFactory"
43-->[androidx.core:core:1.8.0] AndroidManifest.xml:24:18-86
44        android:debuggable="true"
45        android:extractNativeLibs="false"
46        android:icon="@mipmap/ic_launcher"
46-->src\main\AndroidManifest.xml:32:9-43
47        android:label="@string/app_name"
47-->src\main\AndroidManifest.xml:33:9-41
48        android:roundIcon="@mipmap/ic_launcher_round"
48-->src\main\AndroidManifest.xml:34:9-54
49        android:supportsRtl="true"
49-->src\main\AndroidManifest.xml:35:9-35
50        android:taskAffinity=""
50-->src\main\AndroidManifest.xml:36:9-32
51        android:testOnly="true"
52        android:theme="@style/Theme.GestureRecognizer" >
52-->src\main\AndroidManifest.xml:37:9-55
53        <activity
53-->src\main\AndroidManifest.xml:40:9-54:20
54            android:name="com.google.mediapipe.examples.gesturerecognizer.MainActivity"
54-->src\main\AndroidManifest.xml:41:13-41
55            android:exported="true"
55-->src\main\AndroidManifest.xml:42:13-36
56            android:screenOrientation="landscape" >
56-->src\main\AndroidManifest.xml:43:13-50
57            <intent-filter>
57-->src\main\AndroidManifest.xml:44:13-48:29
58                <action android:name="android.intent.action.MAIN" />
58-->src\main\AndroidManifest.xml:45:17-69
58-->src\main\AndroidManifest.xml:45:25-66
59
60                <category android:name="android.intent.category.LAUNCHER" />
60-->src\main\AndroidManifest.xml:47:17-77
60-->src\main\AndroidManifest.xml:47:27-74
61            </intent-filter>
62
63            <!-- Declare notch support -->
64            <meta-data
64-->src\main\AndroidManifest.xml:51:13-53:40
65                android:name="android.notch_support"
65-->src\main\AndroidManifest.xml:52:17-53
66                android:value="true" />
66-->src\main\AndroidManifest.xml:53:17-37
67        </activity>
68
69        <uses-library
69-->[androidx.window:window:1.1.0-alpha03] AndroidManifest.xml:23:9-25:40
70            android:name="androidx.window.extensions"
70-->[androidx.window:window:1.1.0-alpha03] AndroidManifest.xml:24:13-54
71            android:required="false" />
71-->[androidx.window:window:1.1.0-alpha03] AndroidManifest.xml:25:13-37
72        <uses-library
72-->[androidx.window:window:1.1.0-alpha03] AndroidManifest.xml:26:9-28:40
73            android:name="androidx.window.sidecar"
73-->[androidx.window:window:1.1.0-alpha03] AndroidManifest.xml:27:13-51
74            android:required="false" />
74-->[androidx.window:window:1.1.0-alpha03] AndroidManifest.xml:28:13-37
75
76        <service
76-->[androidx.camera:camera-camera2:1.2.0-alpha02] AndroidManifest.xml:25:9-34:19
77            android:name="androidx.camera.core.impl.MetadataHolderService"
77-->[androidx.camera:camera-camera2:1.2.0-alpha02] AndroidManifest.xml:26:13-75
78            android:enabled="false"
78-->[androidx.camera:camera-camera2:1.2.0-alpha02] AndroidManifest.xml:27:13-36
79            android:exported="false" >
79-->[androidx.camera:camera-camera2:1.2.0-alpha02] AndroidManifest.xml:28:13-37
80            <meta-data
80-->[androidx.camera:camera-camera2:1.2.0-alpha02] AndroidManifest.xml:31:13-33:89
81                android:name="androidx.camera.core.impl.MetadataHolderService.DEFAULT_CONFIG_PROVIDER"
81-->[androidx.camera:camera-camera2:1.2.0-alpha02] AndroidManifest.xml:32:17-103
82                android:value="androidx.camera.camera2.Camera2Config$DefaultProvider" />
82-->[androidx.camera:camera-camera2:1.2.0-alpha02] AndroidManifest.xml:33:17-86
83        </service>
84
85        <provider
85-->[androidx.emoji2:emoji2:1.2.0] AndroidManifest.xml:24:9-32:20
86            android:name="androidx.startup.InitializationProvider"
86-->[androidx.emoji2:emoji2:1.2.0] AndroidManifest.xml:25:13-67
87            android:authorities="com.google.mediapipe.examples.gesturerecognizer.androidx-startup"
87-->[androidx.emoji2:emoji2:1.2.0] AndroidManifest.xml:26:13-68
88            android:exported="false" >
88-->[androidx.emoji2:emoji2:1.2.0] AndroidManifest.xml:27:13-37
89            <meta-data
89-->[androidx.emoji2:emoji2:1.2.0] AndroidManifest.xml:29:13-31:52
90                android:name="androidx.emoji2.text.EmojiCompatInitializer"
90-->[androidx.emoji2:emoji2:1.2.0] AndroidManifest.xml:30:17-75
91                android:value="androidx.startup" />
91-->[androidx.emoji2:emoji2:1.2.0] AndroidManifest.xml:31:17-49
92            <meta-data
92-->[androidx.lifecycle:lifecycle-process:2.4.1] AndroidManifest.xml:31:13-33:52
93                android:name="androidx.lifecycle.ProcessLifecycleInitializer"
93-->[androidx.lifecycle:lifecycle-process:2.4.1] AndroidManifest.xml:32:17-78
94                android:value="androidx.startup" />
94-->[androidx.lifecycle:lifecycle-process:2.4.1] AndroidManifest.xml:33:17-49
95        </provider>
96
97        <service
97-->[com.google.android.datatransport:transport-backend-cct:3.1.0] AndroidManifest.xml:29:9-35:19
98            android:name="com.google.android.datatransport.runtime.backends.TransportBackendDiscovery"
98-->[com.google.android.datatransport:transport-backend-cct:3.1.0] AndroidManifest.xml:30:13-103
99            android:exported="false" >
99-->[com.google.android.datatransport:transport-backend-cct:3.1.0] AndroidManifest.xml:31:13-37
100            <meta-data
100-->[com.google.android.datatransport:transport-backend-cct:3.1.0] AndroidManifest.xml:32:13-34:39
101                android:name="backend:com.google.android.datatransport.cct.CctBackendFactory"
101-->[com.google.android.datatransport:transport-backend-cct:3.1.0] AndroidManifest.xml:33:17-94
102                android:value="cct" />
102-->[com.google.android.datatransport:transport-backend-cct:3.1.0] AndroidManifest.xml:34:17-36
103        </service>
104        <service
104-->[com.google.android.datatransport:transport-runtime:3.1.0] AndroidManifest.xml:26:9-30:19
105            android:name="com.google.android.datatransport.runtime.scheduling.jobscheduling.JobInfoSchedulerService"
105-->[com.google.android.datatransport:transport-runtime:3.1.0] AndroidManifest.xml:27:13-117
106            android:exported="false"
106-->[com.google.android.datatransport:transport-runtime:3.1.0] AndroidManifest.xml:28:13-37
107            android:permission="android.permission.BIND_JOB_SERVICE" >
107-->[com.google.android.datatransport:transport-runtime:3.1.0] AndroidManifest.xml:29:13-69
108        </service>
109
110        <receiver
110-->[com.google.android.datatransport:transport-runtime:3.1.0] AndroidManifest.xml:32:9-34:40
111            android:name="com.google.android.datatransport.runtime.scheduling.jobscheduling.AlarmManagerSchedulerBroadcastReceiver"
111-->[com.google.android.datatransport:transport-runtime:3.1.0] AndroidManifest.xml:33:13-132
112            android:exported="false" />
112-->[com.google.android.datatransport:transport-runtime:3.1.0] AndroidManifest.xml:34:13-37
113    </application>
114
115</manifest>